<?xml version="1.0" encoding="UTF-8"?>
<!-- Generated by org.testng.reporters.JUnitXMLReporter -->
<testsuite hostname="Mariams-MacBook-Pro.local" ignored="4" name="Payment" tests="4" failures="0" timestamp="31 Mar 2019 16:01:40 GMT" time="0.048" errors="0">
  <testcase name="Apidemo" time="0.011" classname="testNG.TestOne"/>
  <testcase name="Mobilelogggg" time="0.002" classname="testNG.TestOne"/>
  <testcase name="Apilogin" time="0.002" classname="testNG.TestTwo"/>
  <testcase name="Mobilelogggg" time="0.001" classname="testNG.TestTwo"/>
  <testcase name="Apilogout" time="0.0" classname="testNG.TestThree">
    <ignored/>
  </testcase> <!-- Apilogout -->
  <testcase name="Mobilelogin" time="0.0" classname="testNG.TestThree">
    <ignored/>
  </testcase> <!-- Mobilelogin -->
  <testcase name="Mobileloggiiinnn" time="0.0" classname="testNG.TestThree">
    <ignored/>
  </testcase> <!-- Mobileloggiiinnn -->
  <testcase name="Mobilelogout" time="0.0" classname="testNG.TestTwo">
    <ignored/>
  </testcase> <!-- Mobilelogout -->
</testsuite> <!-- Payment -->
