<?xml version="1.0" encoding="UTF-8"?>
<testng-results skipped="0" failed="0" ignored="4" total="8" passed="4">
  <reporter-output>
  </reporter-output>
  <suite name="Bank" duration-ms="48" started-at="2019-03-31T16:01:40Z" finished-at="2019-03-31T16:01:40Z">
    <groups>
      <group name="smoke">
        <method signature="TestOne.Apidemo()[pri:0, instance:testNG.TestOne@1b604f19]" name="Apidemo" class="testNG.TestOne"/>
        <method signature="TestOne.Mobilelogggg()[pri:0, instance:testNG.TestOne@1b604f19]" name="Mobilelogggg" class="testNG.TestOne"/>
        <method signature="TestTwo.Apilogin()[pri:0, instance:testNG.TestTwo@457e2f02]" name="Apilogin" class="testNG.TestTwo"/>
        <method signature="TestTwo.Mobilelogggg()[pri:0, instance:testNG.TestTwo@457e2f02]" name="Mobilelogggg" class="testNG.TestTwo"/>
      </group> <!-- smoke -->
    </groups>
    <test name="Payment" duration-ms="48" started-at="2019-03-31T16:01:40Z" finished-at="2019-03-31T16:01:40Z">
      <class name="testNG.TestTwo">
        <test-method status="PASS" signature="Apilogin()[pri:0, instance:testNG.TestTwo@457e2f02]" name="Apilogin" duration-ms="2" started-at="2019-03-31T16:01:40Z" finished-at="2019-03-31T16:01:40Z">
          <reporter-output>
          </reporter-output>
        </test-method> <!-- Apilogin -->
        <test-method status="PASS" signature="Mobilelogggg()[pri:0, instance:testNG.TestTwo@457e2f02]" name="Mobilelogggg" duration-ms="1" started-at="2019-03-31T16:01:40Z" finished-at="2019-03-31T16:01:40Z">
          <reporter-output>
          </reporter-output>
        </test-method> <!-- Mobilelogggg -->
      </class> <!-- testNG.TestTwo -->
      <class name="testNG.TestOne">
        <test-method status="PASS" signature="Apidemo()[pri:0, instance:testNG.TestOne@1b604f19]" name="Apidemo" duration-ms="11" started-at="2019-03-31T16:01:40Z" finished-at="2019-03-31T16:01:40Z">
          <reporter-output>
          </reporter-output>
        </test-method> <!-- Apidemo -->
        <test-method status="PASS" signature="Mobilelogggg()[pri:0, instance:testNG.TestOne@1b604f19]" name="Mobilelogggg" duration-ms="2" started-at="2019-03-31T16:01:40Z" finished-at="2019-03-31T16:01:40Z">
          <reporter-output>
          </reporter-output>
        </test-method> <!-- Mobilelogggg -->
      </class> <!-- testNG.TestOne -->
    </test> <!-- Payment -->
  </suite> <!-- Bank -->
</testng-results>
