<?xml version="1.0" encoding="UTF-8"?>
<testng-results skipped="0" failed="0" ignored="0" total="5" passed="5">
  <reporter-output>
  </reporter-output>
  <suite name="Suite" duration-ms="62" started-at="2018-12-10T16:34:11Z" finished-at="2018-12-10T16:34:11Z">
    <groups>
    </groups>
    <test name="Test" duration-ms="62" started-at="2018-12-10T16:34:11Z" finished-at="2018-12-10T16:34:11Z">
      <class name="testpack.Test2">
        <test-method status="PASS" signature="LoginApiHome()[pri:0, instance:testpack.Test2@4f933fd1]" name="LoginApiHome" is-config="true" duration-ms="0" started-at="2018-12-10T16:34:11Z" finished-at="2018-12-10T16:34:11Z">
          <reporter-output>
          </reporter-output>
        </test-method> <!-- LoginApiHome -->
        <test-method status="PASS" signature="BeforeClass()[pri:0, instance:testpack.Test2@4f933fd1]" name="BeforeClass" is-config="true" duration-ms="1" started-at="2018-12-10T16:34:11Z" finished-at="2018-12-10T16:34:11Z">
          <reporter-output>
          </reporter-output>
        </test-method> <!-- BeforeClass -->
        <test-method status="PASS" signature="MobileLoginHome()[pri:0, instance:testpack.Test2@4f933fd1]" name="MobileLoginHome" duration-ms="2" started-at="2018-12-10T16:34:11Z" finished-at="2018-12-10T16:34:11Z">
          <reporter-output>
          </reporter-output>
        </test-method> <!-- MobileLoginHome -->
        <test-method status="PASS" signature="WebLoginHome()[pri:0, instance:testpack.Test2@4f933fd1]" name="WebLoginHome" is-config="true" duration-ms="0" started-at="2018-12-10T16:34:11Z" finished-at="2018-12-10T16:34:11Z">
          <reporter-output>
          </reporter-output>
        </test-method> <!-- WebLoginHome -->
        <test-method status="PASS" signature="afSuite()[pri:0, instance:testpack.Test2@4f933fd1]" name="afSuite" is-config="true" duration-ms="1" started-at="2018-12-10T16:34:11Z" finished-at="2018-12-10T16:34:11Z">
          <reporter-output>
          </reporter-output>
        </test-method> <!-- afSuite -->
      </class> <!-- testpack.Test2 -->
      <class name="testpack.TestOne">
        <test-method status="PASS" signature="Bfsuite()[pri:0, instance:testpack.TestOne@d2cc05a]" name="Bfsuite" is-config="true" duration-ms="19" started-at="2018-12-10T16:34:11Z" finished-at="2018-12-10T16:34:11Z">
          <reporter-output>
          </reporter-output>
        </test-method> <!-- Bfsuite -->
        <test-method status="PASS" signature="Hel()[pri:0, instance:testpack.TestOne@d2cc05a]" name="Hel" duration-ms="7" started-at="2018-12-10T16:34:11Z" finished-at="2018-12-10T16:34:11Z">
          <reporter-output>
          </reporter-output>
        </test-method> <!-- Hel -->
        <test-method status="PASS" signature="bMethod()[pri:0, instance:testpack.TestOne@d2cc05a]" name="bMethod" is-config="true" duration-ms="0" started-at="2018-12-10T16:34:11Z" finished-at="2018-12-10T16:34:11Z">
          <reporter-output>
          </reporter-output>
        </test-method> <!-- bMethod -->
        <test-method status="PASS" signature="LoginApi()[pri:0, instance:testpack.TestOne@d2cc05a]" name="LoginApi" duration-ms="3" started-at="2018-12-10T16:34:11Z" finished-at="2018-12-10T16:34:11Z">
          <reporter-output>
          </reporter-output>
        </test-method> <!-- LoginApi -->
        <test-method status="PASS" signature="bMethod()[pri:0, instance:testpack.TestOne@d2cc05a]" name="bMethod" is-config="true" duration-ms="0" started-at="2018-12-10T16:34:11Z" finished-at="2018-12-10T16:34:11Z">
          <reporter-output>
          </reporter-output>
        </test-method> <!-- bMethod -->
        <test-method status="PASS" signature="bMethod()[pri:0, instance:testpack.TestOne@d2cc05a]" name="bMethod" is-config="true" duration-ms="1" started-at="2018-12-10T16:34:11Z" finished-at="2018-12-10T16:34:11Z">
          <reporter-output>
          </reporter-output>
        </test-method> <!-- bMethod -->
        <test-method status="PASS" signature="MobileLogin(java.lang.String)[pri:0, instance:testpack.TestOne@d2cc05a]" name="MobileLogin" duration-ms="4" started-at="2018-12-10T16:34:11Z" finished-at="2018-12-10T16:34:11Z">
          <params>
            <param index="0">
              <value>
                <![CDATA[FireFox]]>
              </value>
            </param>
          </params>
          <reporter-output>
          </reporter-output>
        </test-method> <!-- MobileLogin -->
        <test-method status="PASS" signature="WebLogin()[pri:0, instance:testpack.TestOne@d2cc05a]" name="WebLogin" duration-ms="2" started-at="2018-12-10T16:34:11Z" finished-at="2018-12-10T16:34:11Z">
          <reporter-output>
          </reporter-output>
        </test-method> <!-- WebLogin -->
        <test-method status="PASS" signature="bMethod()[pri:0, instance:testpack.TestOne@d2cc05a]" name="bMethod" is-config="true" duration-ms="0" started-at="2018-12-10T16:34:11Z" finished-at="2018-12-10T16:34:11Z">
          <reporter-output>
          </reporter-output>
        </test-method> <!-- bMethod -->
      </class> <!-- testpack.TestOne -->
    </test> <!-- Test -->
  </suite> <!-- Suite -->
</testng-results>
