<?xml version="1.0" encoding="UTF-8"?>
<testng-results skipped="0" failed="0" ignored="0" total="1" passed="1">
  <reporter-output>
  </reporter-output>
  <suite name="Default suite" duration-ms="10126" started-at="2019-03-18T19:46:59Z" finished-at="2019-03-18T19:47:10Z">
    <groups>
    </groups>
    <test name="Default test" duration-ms="10126" started-at="2019-03-18T19:46:59Z" finished-at="2019-03-18T19:47:10Z">
      <class name="com.udemy.TestCases.VerifyLogin">
        <test-method status="PASS" signature="validLogin()[pri:0, instance:com.udemy.TestCases.VerifyLogin@735b5592]" name="validLogin" duration-ms="10088" started-at="2019-03-18T19:46:59Z" finished-at="2019-03-18T19:47:10Z">
          <reporter-output>
          </reporter-output>
        </test-method> <!-- validLogin -->
      </class> <!-- com.udemy.TestCases.VerifyLogin -->
    </test> <!-- Default test -->
  </suite> <!-- Default suite -->
</testng-results>
