<?xml version="1.0" encoding="UTF-8"?>
<testng-results skipped="0" failed="0" ignored="0" total="2" passed="2">
  <reporter-output>
  </reporter-output>
  <suite name="Default suite" duration-ms="68" started-at="2018-12-05T02:07:24Z" finished-at="2018-12-05T02:07:24Z">
    <groups>
    </groups>
    <test name="Default test" duration-ms="68" started-at="2018-12-05T02:07:24Z" finished-at="2018-12-05T02:07:24Z">
      <class name="testpack.TestOne">
        <test-method status="PASS" signature="Test()[pri:0, instance:testpack.TestOne@51efea79]" name="Test" duration-ms="13" started-at="2018-12-05T02:07:24Z" finished-at="2018-12-05T02:07:24Z">
          <reporter-output>
          </reporter-output>
        </test-method> <!-- Test -->
        <test-method status="PASS" signature="TestTwo()[pri:0, instance:testpack.TestOne@51efea79]" name="TestTwo" duration-ms="9" started-at="2018-12-05T02:07:24Z" finished-at="2018-12-05T02:07:24Z">
          <reporter-output>
          </reporter-output>
        </test-method> <!-- TestTwo -->
      </class> <!-- testpack.TestOne -->
    </test> <!-- Default test -->
  </suite> <!-- Default suite -->
</testng-results>
