<?xml version="1.0" encoding="UTF-8"?>
<!-- Generated by org.testng.reporters.JUnitXMLReporter -->
<testsuite hostname="Mariams-MacBook-Pro.local" ignored="1" name="Regration" tests="3" failures="0" timestamp="09 Dec 2018 16:57:57 GMT" time="0.078" errors="0">
  <testcase name="Hel" time="0.018" classname="testpack.TestOne"/>
  <testcase name="LoginApi" time="0.002" classname="testpack.TestOne"/>
  <testcase name="WebLogin" time="0.001" classname="testpack.TestOne"/>
  <testcase name="MobileLogin" time="0.0" classname="testpack.TestOne">
    <ignored/>
  </testcase> <!-- MobileLogin -->
</testsuite> <!-- Regration -->
