<?xml version="1.0" encoding="UTF-8"?>
<!-- Generated by org.testng.reporters.JUnitXMLReporter -->
<testsuite hostname="Mariams-MacBook-Pro.local" ignored="0" name="Test" tests="5" failures="0" timestamp="10 Dec 2018 16:34:11 GMT" time="0.062" errors="0">
  <testcase name="Hel" time="0.007" classname="testpack.TestOne"/>
  <testcase name="LoginApi" time="0.003" classname="testpack.TestOne"/>
  <testcase name="MobileLogin" time="0.004" classname="testpack.TestOne"/>
  <testcase name="WebLogin" time="0.002" classname="testpack.TestOne"/>
  <testcase name="MobileLoginHome" time="0.002" classname="testpack.Test2"/>
</testsuite> <!-- Test -->
