<?xml version="1.0" encoding="UTF-8"?>
<!-- Generated by org.testng.reporters.JUnitXMLReporter -->
<testsuite hostname="Mariams-MacBook-Pro.local" ignored="1" name="TestTwo" tests="2" failures="0" timestamp="05 Dec 2018 16:11:22 GMT" time="0.01" errors="0">
  <testcase name="LoginApiHome" time="0.002" classname="testpack.Test2"/>
  <testcase name="WebLoginHome" time="0.002" classname="testpack.Test2"/>
  <testcase name="MobileLoginHome" time="0.0" classname="testpack.Test2">
    <ignored/>
  </testcase> <!-- MobileLoginHome -->
</testsuite> <!-- TestTwo -->
